<?xml version="1.0" encoding="utf-8"?><testsuites name="pytest tests"><testsuite name="pytest" errors="0" failures="0" skipped="0" tests="27" time="8.260" timestamp="2026-04-25T07:14:38.119143+00:00" hostname="agent-env-ae97cf47-d6f4-4a55-bf85-7286780fc9b4"><testcase classname="backend.tests.test_crm_backend.TestAuth" name="test_me_unauthenticated_returns_401" time="0.214" /><testcase classname="backend.tests.test_crm_backend.TestAuth" name="test_me_with_invalid_token_returns_401" time="0.116" /><testcase classname="backend.tests.test_crm_backend.TestAuth" name="test_me_with_valid_bearer_returns_user" time="0.135" /><testcase classname="backend.tests.test_crm_backend.TestLeadsCrud" name="test_create_and_get_persistence" time="0.237" /><testcase classname="backend.tests.test_crm_backend.TestLeadsCrud" name="test_filter_by_status_and_search" time="0.456" /><testcase classname="backend.tests.test_crm_backend.TestLeadsCrud" name="test_update_lead_status" time="0.301" /><testcase classname="backend.tests.test_crm_backend.TestLeadsCrud" name="test_delete_lead" time="0.430" /><testcase classname="backend.tests.test_crm_backend.TestDashboard" name="test_stats_shape_and_counts" time="0.110" /><testcase classname="backend.tests.test_crm_backend.TestIsolation" name="test_user_b_cannot_see_user_a_leads" time="0.421" /><testcase classname="backend.tests.test_crm_backend.TestNotes" name="test_add_note_returns_full_payload" time="0.219" /><testcase classname="backend.tests.test_crm_backend.TestNotes" name="test_list_notes_newest_first" time="0.624" /><testcase classname="backend.tests.test_crm_backend.TestNotes" name="test_empty_text_rejected" time="0.260" /><testcase classname="backend.tests.test_crm_backend.TestNotes" name="test_other_user_cannot_add_or_list_notes" time="0.323" /><testcase classname="backend.tests.test_crm_backend.TestFollowUp" name="test_create_with_follow_up_persists" time="0.219" /><testcase classname="backend.tests.test_crm_backend.TestFollowUp" name="test_update_and_clear_follow_up" time="0.222" /><testcase classname="backend.tests.test_crm_backend.TestDashboardPhase2" name="test_by_source_and_overdue" time="0.650" /><testcase classname="backend.tests.test_crm_backend.TestGetLeadById" name="test_get_owned_lead" time="0.243" /><testcase classname="backend.tests.test_crm_backend.TestGetLeadById" name="test_get_other_user_lead_returns_404" time="0.233" /><testcase classname="backend.tests.test_crm_backend.TestNoteEditDelete" name="test_update_note" time="0.443" /><testcase classname="backend.tests.test_crm_backend.TestNoteEditDelete" name="test_update_note_empty_400" time="0.333" /><testcase classname="backend.tests.test_crm_backend.TestNoteEditDelete" name="test_update_note_cross_user_404" time="0.333" /><testcase classname="backend.tests.test_crm_backend.TestNoteEditDelete" name="test_delete_note" time="0.431" /><testcase classname="backend.tests.test_crm_backend.TestNoteEditDelete" name="test_delete_note_cross_user_404" time="0.323" /><testcase classname="backend.tests.test_crm_backend.TestCsv" name="test_export_csv_header_and_rows" time="0.229" /><testcase classname="backend.tests.test_crm_backend.TestCsv" name="test_export_csv_only_owners_rows" time="0.150" /><testcase classname="backend.tests.test_crm_backend.TestCsv" name="test_import_csv_creates_and_skips" time="0.327" /><testcase classname="backend.tests.test_crm_backend.TestCsv" name="test_import_csv_rejects_non_csv" time="0.103" /></testsuite></testsuites>