<?xml version="1.0" encoding="utf-8"?><testsuites name="pytest tests"><testsuite name="pytest" errors="0" failures="0" skipped="0" tests="9" time="2.934" timestamp="2026-04-25T06:54:13.159892+00:00" hostname="agent-env-ae97cf47-d6f4-4a55-bf85-7286780fc9b4"><testcase classname="backend.tests.test_crm_backend.TestAuth" name="test_me_unauthenticated_returns_401" time="0.208" /><testcase classname="backend.tests.test_crm_backend.TestAuth" name="test_me_with_invalid_token_returns_401" time="0.149" /><testcase classname="backend.tests.test_crm_backend.TestAuth" name="test_me_with_valid_bearer_returns_user" time="0.140" /><testcase classname="backend.tests.test_crm_backend.TestLeadsCrud" name="test_create_and_get_persistence" time="0.251" /><testcase classname="backend.tests.test_crm_backend.TestLeadsCrud" name="test_filter_by_status_and_search" time="0.479" /><testcase classname="backend.tests.test_crm_backend.TestLeadsCrud" name="test_update_lead_status" time="0.366" /><testcase classname="backend.tests.test_crm_backend.TestLeadsCrud" name="test_delete_lead" time="0.420" /><testcase classname="backend.tests.test_crm_backend.TestDashboard" name="test_stats_shape_and_counts" time="0.104" /><testcase classname="backend.tests.test_crm_backend.TestIsolation" name="test_user_b_cannot_see_user_a_leads" time="0.466" /></testsuite></testsuites>